<?xml version="1.0" encoding="UTF-8"?>
<!-- Generated by org.testng.reporters.JUnitXMLReporter -->
<testsuite ignored="3" hostname="Karthiks-MacBook-Pro.local" failures="0" tests="1" name="User Data Test" time="9.894" errors="0" timestamp="2020-11-18T22:13:22 GMT">
  <testcase classname="com.autopractice.tests.LoginTest" name="testLoginWithValidCredentials" time="1.912"/>
  <testcase classname="com.autopractice.tests.LoginTest" name="testLoginPageWithInvalidCredentials" time="0.0">
    <ignored/>
  </testcase> <!-- testLoginPageWithInvalidCredentials -->
  <testcase classname="com.autopractice.tests.LoginTest" name="testLoginPageWithEmptyCredentials" time="0.0">
    <ignored/>
  </testcase> <!-- testLoginPageWithEmptyCredentials -->
  <testcase classname="com.autopractice.tests.LoginTest" name="testNavigateToRegisterPage" time="0.0">
    <ignored/>
  </testcase> <!-- testNavigateToRegisterPage -->
</testsuite> <!-- User Data Test -->
